number,value,datetime_start,datetime_complete,duration,params_colsample_bytree,params_gamma,params_learning_rate,params_max_depth,params_min_child_weight,params_n_estimators,params_subsample,state
0,0.6899399178317891,2026-07-30 12:04:38.036906,2026-07-30 12:04:40.645290,0 days 00:00:02.608384,0.9316264140146573,3.7087331452428867,0.032412278821499656,7,7,438,0.6549214525986352,COMPLETE
1,0.6892720700421409,2026-07-30 12:04:40.647103,2026-07-30 12:04:42.301050,0 days 00:00:01.653947,0.6489179074677456,1.0253675462243867,0.10644821362387617,8,7,386,0.9651429597902597,COMPLETE
2,0.6958696762050957,2026-07-30 12:04:42.302577,2026-07-30 12:04:45.301421,0 days 00:00:02.998844,0.8600998870439864,3.717404402874725,0.02240079464995255,10,5,334,0.6163355244175474,COMPLETE
3,0.6924636613777777,2026-07-30 12:04:45.302920,2026-07-30 12:04:46.298312,0 days 00:00:00.995392,0.7225698044742217,4.494773747306069,0.014734075967985408,3,7,486,0.8166178044248501,COMPLETE
4,0.6865346502894287,2026-07-30 12:04:46.299973,2026-07-30 12:04:46.763806,0 days 00:00:00.463833,0.6725977022062827,1.812457637204263,0.10558688967792278,5,3,126,0.8106291483667827,COMPLETE
5,0.6835629308904563,2026-07-30 12:04:46.765332,2026-07-30 12:04:47.780530,0 days 00:00:01.015198,0.6113138667541521,4.668890127684003,0.10520371587923147,9,6,492,0.9600242760653258,COMPLETE
6,0.6956022121182388,2026-07-30 12:04:47.782195,2026-07-30 12:04:48.186029,0 days 00:00:00.403834,0.6357802165561253,3.37075681751244,0.04052646036444752,4,7,136,0.9177138953241772,COMPLETE
7,0.6948910513779805,2026-07-30 12:04:48.187586,2026-07-30 12:04:48.710483,0 days 00:00:00.522897,0.8090955464654006,1.3879025245280947,0.032022144479538835,4,9,186,0.8936360077697483,COMPLETE
8,0.689765192010517,2026-07-30 12:04:48.711954,2026-07-30 12:04:49.164988,0 days 00:00:00.453034,0.7547368145167647,1.7612806303572126,0.02381909995315326,3,5,192,0.7746816846191502,COMPLETE
9,0.6529731480202321,2026-07-30 12:04:49.166495,2026-07-30 12:04:50.743186,0 days 00:00:01.576691,0.7097665132255728,0.5946170106718163,0.1770963944228214,8,3,255,0.6325712831156118,COMPLETE
10,0.6937424291315183,2026-07-30 12:04:50.744744,2026-07-30 12:04:55.703766,0 days 00:00:04.959022,0.9955321751351038,2.8382656676387072,0.012522903004322298,10,1,334,0.7110321771922744,COMPLETE
11,0.6901710386142418,2026-07-30 12:04:55.705317,2026-07-30 12:04:56.988496,0 days 00:00:01.283179,0.8567680569290669,3.1640421083360564,0.057612377346331664,6,10,305,0.8905211064426426,COMPLETE
12,0.6794210098803481,2026-07-30 12:04:56.990166,2026-07-30 12:04:58.441034,0 days 00:00:01.450868,0.8585464578103655,3.7521893335580168,0.05479090886178242,10,4,130,0.6033645718058781,COMPLETE
13,0.6942408308212604,2026-07-30 12:04:58.442607,2026-07-30 12:04:59.439560,0 days 00:00:00.996953,0.7905199336123445,2.569429955508969,0.02347477476808256,6,8,223,0.7099055167353212,COMPLETE
14,0.6890710216227522,2026-07-30 12:04:59.441269,2026-07-30 12:05:00.757173,0 days 00:00:01.315904,0.9225274931365783,3.8629202451638998,0.048723151767898085,6,5,295,0.8890331755673774,COMPLETE
15,0.6940967782463416,2026-07-30 12:05:00.758711,2026-07-30 12:05:01.911322,0 days 00:00:01.152611,0.9689788762405344,2.5895517465489406,0.010225825977342694,4,5,372,0.995845483276628,COMPLETE
16,0.6912756798383637,2026-07-30 12:05:01.912829,2026-07-30 12:05:03.044590,0 days 00:00:01.131761,0.8618036651171981,0.04237262139707898,0.01882979660679486,8,2,104,0.7345685025522766,COMPLETE
17,0.6926845026217558,2026-07-30 12:05:03.046079,2026-07-30 12:05:04.232727,0 days 00:00:01.186648,0.6087293656477727,4.95566303633267,0.03660845381179085,9,9,174,0.8421837877493763,COMPLETE
18,0.6851687732649725,2026-07-30 12:05:04.234236,2026-07-30 12:05:05.167278,0 days 00:00:00.933042,0.8064445814912881,3.260838552327644,0.06888955385998713,5,6,254,0.6673569773271754,COMPLETE
19,0.6547327710100055,2026-07-30 12:05:05.168758,2026-07-30 12:05:06.093059,0 days 00:00:00.924301,0.9048202690370277,4.154309571418779,0.23343391514548442,7,4,411,0.7690539320771473,COMPLETE
20,0.6965700094924491,2026-07-30 12:05:06.094727,2026-07-30 12:05:06.992104,0 days 00:00:00.897377,0.6710213324465414,3.3113643880670924,0.0192016198400464,4,8,339,0.9507582487463453,COMPLETE
21,0.6956728378829036,2026-07-30 12:05:06.993694,2026-07-30 12:05:07.942143,0 days 00:00:00.948449,0.6854935109549314,3.3076910128250994,0.018800363809173038,4,8,343,0.9172168313946389,COMPLETE
22,0.6955028865400873,2026-07-30 12:05:07.943730,2026-07-30 12:05:09.071968,0 days 00:00:01.128238,0.6870844334944297,2.1897491509341416,0.017958146243963063,5,10,350,0.9408436538710243,COMPLETE
23,0.6926454410631561,2026-07-30 12:05:09.073592,2026-07-30 12:05:09.807557,0 days 00:00:00.733965,0.7509059131316418,4.291979881410972,0.02436195653735055,3,8,307,0.8517267257893959,COMPLETE
24,0.6949044690114117,2026-07-30 12:05:09.809158,2026-07-30 12:05:10.891560,0 days 00:00:01.082402,0.6682268545535444,3.005096693036781,0.01757504858677239,4,9,425,0.9255623441551141,COMPLETE
25,0.6945497106720951,2026-07-30 12:05:10.893141,2026-07-30 12:05:12.688299,0 days 00:00:01.795158,0.7628798110929744,3.5226564549305546,0.011435223388786461,7,8,330,0.9950284644055193,COMPLETE
26,0.6950251225712772,2026-07-30 12:05:12.689905,2026-07-30 12:05:13.657832,0 days 00:00:00.967927,0.7197950006901762,3.935256992836422,0.02585270621300325,5,6,264,0.8621041272876461,COMPLETE
27,0.6951796876229467,2026-07-30 12:05:13.659460,2026-07-30 12:05:16.365215,0 days 00:00:02.705755,0.643325508076153,2.7121935201117355,0.014783911587791526,9,8,367,0.7688092718517333,COMPLETE
28,0.6929691630331194,2026-07-30 12:05:16.366736,2026-07-30 12:05:17.259738,0 days 00:00:00.893002,0.6961540710148595,2.1152228292560795,0.019972221108571903,3,10,447,0.9608949489180364,COMPLETE
29,0.6922472949944841,2026-07-30 12:05:17.261251,2026-07-30 12:05:18.514000,0 days 00:00:01.252749,0.8968379110162086,3.6364936386868347,0.030802424814309348,6,6,280,0.6730135589270595,COMPLETE
30,0.6947950089271826,2026-07-30 12:05:18.515657,2026-07-30 12:05:19.731184,0 days 00:00:01.215527,0.8263058496359977,4.055783290963089,0.01425180596692599,4,9,400,0.6056770841482098,COMPLETE
31,0.6886567335058529,2026-07-30 12:05:19.733071,2026-07-30 12:05:20.573696,0 days 00:00:00.840625,0.6052924546897,3.3963410904945075,0.03855057722835575,4,7,329,0.9177638288813136,COMPLETE
32,0.6948059612968221,2026-07-30 12:05:20.575303,2026-07-30 12:05:21.305671,0 days 00:00:00.730368,0.6381400697766244,3.33620075166523,0.04239597221703227,5,7,223,0.9122958174328216,COMPLETE
33,0.6904968710154709,2026-07-30 12:05:21.307163,2026-07-30 12:05:22.212791,0 days 00:00:00.905628,0.6345642617229396,2.967401592646824,0.028755358658288977,3,7,456,0.9426721214854114,COMPLETE
34,0.6871714032604628,2026-07-30 12:05:22.214310,2026-07-30 12:05:23.143620,0 days 00:00:00.929310,0.6697573190242536,4.379764420684033,0.06952142956444203,4,7,374,0.8215325058953994,COMPLETE
35,0.693444123304655,2026-07-30 12:05:23.145125,2026-07-30 12:05:23.895975,0 days 00:00:00.750850,0.659336701945966,2.394886994522949,0.020857928773506913,3,8,348,0.8669266308692829,COMPLETE
36,0.6918237181209989,2026-07-30 12:05:23.897564,2026-07-30 12:05:24.926670,0 days 00:00:01.029106,0.6277535640348543,3.6414281710211607,0.036228830450355014,5,6,316,0.9806321476778613,COMPLETE
37,0.6944551969185883,2026-07-30 12:05:24.928170,2026-07-30 12:05:26.203488,0 days 00:00:01.275318,0.7299068317608193,4.65434571893568,0.014174059504459002,4,4,479,0.9395269286868606,COMPLETE
38,0.690124058459354,2026-07-30 12:05:26.204991,2026-07-30 12:05:27.035712,0 days 00:00:00.830721,0.6565274675135188,3.1050330123627576,0.0819809995934361,7,9,218,0.9702974149348842,COMPLETE
39,0.6929858825060333,2026-07-30 12:05:27.037251,2026-07-30 12:05:28.478219,0 days 00:00:01.440968,0.6890235560119735,3.4740226280952697,0.01634358180084527,9,5,144,0.8102140795174491,COMPLETE
40,0.6937919883094369,2026-07-30 12:05:28.479726,2026-07-30 12:05:30.181716,0 days 00:00:01.701990,0.7431670119200485,2.863640861716376,0.02888347658266459,8,8,271,0.8981439450533438,COMPLETE
41,0.6952656393296341,2026-07-30 12:05:30.183249,2026-07-30 12:05:31.281978,0 days 00:00:01.098729,0.6948175989497665,1.4665068247538544,0.022178839312303453,5,10,357,0.9434773558092105,COMPLETE
42,0.6967562010858898,2026-07-30 12:05:31.283484,2026-07-30 12:05:32.267090,0 days 00:00:00.983606,0.6811567645059523,2.3461175822419404,0.017417363478766983,4,10,389,0.8801057815423325,COMPLETE
43,0.6950583925812464,2026-07-30 12:05:32.268612,2026-07-30 12:05:33.288175,0 days 00:00:01.019563,0.6275138780098286,1.8336920377519348,0.01224849906419808,4,9,389,0.8829574484917887,COMPLETE
44,0.692352203112364,2026-07-30 12:05:33.289737,2026-07-30 12:05:34.183891,0 days 00:00:00.894154,0.7855713728980431,2.2388592603368123,0.015920170374792465,3,3,426,0.9101834392064131,COMPLETE
45,0.6931458123824241,2026-07-30 12:05:34.185451,2026-07-30 12:05:36.746742,0 days 00:00:02.561291,0.7048954325221493,3.834374963156216,0.026481949660276134,10,7,397,0.8355513136279593,COMPLETE
46,0.6924695079420614,2026-07-30 12:05:36.748222,2026-07-30 12:05:37.523532,0 days 00:00:00.775310,0.6825068810799182,3.1459545618717604,0.010147085065259236,4,8,287,0.8742594854276221,COMPLETE
47,0.6693660767805178,2026-07-30 12:05:37.525119,2026-07-30 12:05:38.992954,0 days 00:00:01.467835,0.9651361532802505,0.8742238931413995,0.13287630518278803,6,10,344,0.7059754174636799,COMPLETE
48,0.689927644331402,2026-07-30 12:05:38.994428,2026-07-30 12:05:39.976288,0 days 00:00:00.981860,0.7325979077214363,2.6819023798575574,0.04835642736220477,3,9,467,0.7929719668507104,COMPLETE
49,0.6942018931734173,2026-07-30 12:05:39.977897,2026-07-30 12:05:40.699168,0 days 00:00:00.721271,0.8422207313167241,4.063380234700412,0.020529995278244468,4,2,240,0.7385654027308597,COMPLETE
50,0.6960797959328489,2026-07-30 12:05:40.700730,2026-07-30 12:05:41.292967,0 days 00:00:00.592237,0.7143844199635903,1.9359434883232682,0.033251706864647235,5,5,161,0.9761504849691286,COMPLETE
51,0.6969900210770553,2026-07-30 12:05:41.294496,2026-07-30 12:05:41.886210,0 days 00:00:00.591714,0.7715960012290862,1.6390559453755589,0.03405416183012805,5,5,159,0.9738579959519753,COMPLETE
52,0.6960064714201107,2026-07-30 12:05:41.887687,2026-07-30 12:05:42.470424,0 days 00:00:00.582737,0.7129731681518595,1.5588690498421065,0.0334679836443101,5,5,159,0.9790210125459705,COMPLETE
53,0.6952564597564663,2026-07-30 12:05:42.471938,2026-07-30 12:05:43.100207,0 days 00:00:00.628269,0.7128278178431686,1.3869645904964565,0.035230549528635684,5,4,171,0.9765218629125748,COMPLETE
54,0.6920147507853892,2026-07-30 12:05:43.101750,2026-07-30 12:05:43.785745,0 days 00:00:00.683995,0.7721460346641695,1.65329759802516,0.0497539686616285,6,5,155,0.9986998580507249,COMPLETE
55,0.6965374388700721,2026-07-30 12:05:43.787225,2026-07-30 12:05:44.212173,0 days 00:00:00.424948,0.7347082364773727,1.2281751970247259,0.04303483375658998,5,5,102,0.9534366145445643,COMPLETE
56,0.6968489793029379,2026-07-30 12:05:44.213662,2026-07-30 12:05:44.673141,0 days 00:00:00.459479,0.7426120053846146,1.0881704358102193,0.042989300266821774,5,4,103,0.9503207215148061,COMPLETE
57,0.6963846443028825,2026-07-30 12:05:44.674874,2026-07-30 12:05:45.107303,0 days 00:00:00.432429,0.7406353961345168,1.043437204166413,0.043938449509116594,5,3,101,0.9531014482571654,COMPLETE
58,0.6949912004251311,2026-07-30 12:05:45.108796,2026-07-30 12:05:45.540923,0 days 00:00:00.432127,0.7709082100957947,1.0609453820390304,0.059591403548845824,5,3,100,0.9594198983027625,COMPLETE
59,0.6929851304206256,2026-07-30 12:05:45.542458,2026-07-30 12:05:46.146850,0 days 00:00:00.604392,0.7871039031272384,0.3410557983964878,0.04310475608431439,6,3,120,0.9534385934615445,COMPLETE
60,0.6939000050797357,2026-07-30 12:05:46.148326,2026-07-30 12:05:46.729099,0 days 00:00:00.580773,0.7416691142368464,1.2318345320695878,0.06552650374026767,6,2,116,0.9291154589964877,COMPLETE
61,0.6935008657711612,2026-07-30 12:05:46.730577,2026-07-30 12:05:47.405975,0 days 00:00:00.675398,0.7558482459243449,0.7301823281305956,0.045774162650162965,5,4,194,0.9829104777864297,COMPLETE
62,0.695076804161802,2026-07-30 12:05:47.407481,2026-07-30 12:05:47.905554,0 days 00:00:00.498073,0.7288554842618169,1.9231366224745445,0.054447456330351786,5,4,133,0.959751619485449,COMPLETE
63,0.6959871331592796,2026-07-30 12:05:47.907017,2026-07-30 12:05:48.374705,0 days 00:00:00.467688,0.7411981105112471,1.1336505204132565,0.04017401732433311,5,1,114,0.9332989136931552,COMPLETE
64,0.6946420121637019,2026-07-30 12:05:48.376176,2026-07-30 12:05:48.813210,0 days 00:00:00.437034,0.8057248501022072,0.5518560095475609,0.07723596346152097,4,5,145,0.9511691677566706,COMPLETE
65,0.6959892722113113,2026-07-30 12:05:48.814677,2026-07-30 12:05:49.232884,0 days 00:00:00.418207,0.7028452310888703,1.2550468604531668,0.031230374784309088,5,6,101,0.8996355947533408,COMPLETE
66,0.6949524265217678,2026-07-30 12:05:49.234425,2026-07-30 12:05:50.132428,0 days 00:00:00.898003,0.7662202843282623,0.9192613483000978,0.026804856282124936,6,3,183,0.9871962829921442,COMPLETE
67,0.6909631975616564,2026-07-30 12:05:50.133965,2026-07-30 12:05:50.806625,0 days 00:00:00.672660,0.6741301249534701,1.9854574173175785,0.05326907912834026,5,4,208,0.9689710003264389,COMPLETE
68,0.693645064235632,2026-07-30 12:05:50.808113,2026-07-30 12:05:51.235240,0 days 00:00:00.427127,0.7201565333415121,1.7042735102839608,0.02387032735338921,4,4,128,0.9228745001907948,COMPLETE
69,0.6953180844215917,2026-07-30 12:05:51.236722,2026-07-30 12:05:51.820098,0 days 00:00:00.583376,0.7810779051875815,2.411312039701988,0.038563073678559635,5,5,161,0.9489889278306977,COMPLETE
70,0.6959141347564178,2026-07-30 12:05:51.821662,2026-07-30 12:05:52.203317,0 days 00:00:00.381655,0.8016289284869372,1.4025431497129424,0.044111588732456894,4,6,113,0.9063617438864109,COMPLETE
71,0.6975967488471169,2026-07-30 12:05:52.204947,2026-07-30 12:05:52.749285,0 days 00:00:00.544338,0.7244928116631227,1.557028013419835,0.03284753298188328,5,5,141,0.9883147943112698,COMPLETE
72,0.6963089774658228,2026-07-30 12:05:52.750754,2026-07-30 12:05:53.284521,0 days 00:00:00.533767,0.7519906721724589,2.0406369870260086,0.03236388318613561,5,5,140,0.9658648229489258,COMPLETE
73,0.6978801351207345,2026-07-30 12:05:53.285992,2026-07-30 12:05:53.849756,0 days 00:00:00.563764,0.7358778874464489,1.5679473814373432,0.0285150595713204,5,5,142,0.9894556066969794,COMPLETE
74,0.6958036291158232,2026-07-30 12:05:53.851223,2026-07-30 12:05:54.569929,0 days 00:00:00.718706,0.7581182424465149,0.9104765955315162,0.02722411693665641,6,3,126,0.993012246905019,COMPLETE
75,0.694880524924531,2026-07-30 12:05:54.571509,2026-07-30 12:05:55.065385,0 days 00:00:00.493876,0.7329608980930388,1.2300134990457028,0.03004619224771506,5,4,109,0.9977625905988841,COMPLETE
76,0.698555255318876,2026-07-30 12:05:55.066868,2026-07-30 12:05:55.754773,0 days 00:00:00.687905,0.8190522168587693,0.5622508304853633,0.03710844224016822,6,6,144,0.9318260292221366,COMPLETE
77,0.6946533590226461,2026-07-30 12:05:55.756235,2026-07-30 12:05:56.614827,0 days 00:00:00.858592,0.8217873730994514,0.3171989015477512,0.022840611629927066,6,6,178,0.9358143960736299,COMPLETE
78,0.69348547205945,2026-07-30 12:05:56.616412,2026-07-30 12:05:57.518156,0 days 00:00:00.901744,0.8199384175778337,0.7037451197173744,0.036777392629855805,7,6,149,0.9689959295318725,COMPLETE
79,0.688470604047584,2026-07-30 12:05:57.519874,2026-07-30 12:05:58.003146,0 days 00:00:00.483272,0.8723987415470317,1.5554381921132234,0.018199953968718114,4,5,134,0.984859779068093,COMPLETE
80,0.6954876720524528,2026-07-30 12:05:58.004748,2026-07-30 12:05:58.676409,0 days 00:00:00.671661,0.7970497234731719,0.43558253335135233,0.021091436036799756,6,6,123,0.8870517678770127,COMPLETE
81,0.6943119131143348,2026-07-30 12:05:58.677997,2026-07-30 12:05:59.238609,0 days 00:00:00.560612,0.74315908000935,1.131659251425113,0.040231108321987355,4,5,196,0.9499262193397531,COMPLETE
82,0.6517103391897339,2026-07-30 12:05:59.240184,2026-07-30 12:05:59.886691,0 days 00:00:00.646507,0.7758770334963179,0.7839480507443131,0.29763613039692555,5,4,170,0.9279881176484381,COMPLETE
83,0.6945015774585191,2026-07-30 12:05:59.888166,2026-07-30 12:06:00.555387,0 days 00:00:00.667221,0.654999242537602,0.13771513998865337,0.03502977346264359,6,5,142,0.9592597434199324,COMPLETE
84,0.6859999553420869,2026-07-30 12:06:00.556879,2026-07-30 12:06:02.000848,0 days 00:00:01.443969,0.6995316886798312,1.7858177907670338,0.04926249206917339,5,2,499,0.9419343054045208,COMPLETE
85,0.6972000681398004,2026-07-30 12:06:02.002334,2026-07-30 12:06:02.619051,0 days 00:00:00.616717,0.6772482077265893,1.286682303348182,0.04369144439491391,7,6,100,0.9897021747192172,COMPLETE
86,0.6915142891526884,2026-07-30 12:06:02.620514,2026-07-30 12:06:03.256906,0 days 00:00:00.636392,0.6812398900437544,1.318186029227061,0.061079718024644604,7,6,112,0.9887013608697927,COMPLETE
87,0.6926887633347426,2026-07-30 12:06:03.258378,2026-07-30 12:06:04.332805,0 days 00:00:01.074427,0.6199212070413582,1.530322353466179,0.025128541153491384,8,7,150,0.9764898722980493,COMPLETE
88,0.6949606941709853,2026-07-30 12:06:04.334338,2026-07-30 12:06:05.135704,0 days 00:00:00.801366,0.665297580625282,2.2618381496452225,0.027957957412203544,7,5,122,0.968529792354474,COMPLETE
89,0.6935276818741475,2026-07-30 12:06:05.137312,2026-07-30 12:06:07.740478,0 days 00:00:02.603166,0.6916717615615362,1.668403592126925,0.013093549110235681,8,6,415,0.9212728904505162,COMPLETE
90,0.6889590980620491,2026-07-30 12:06:07.741963,2026-07-30 12:06:08.263748,0 days 00:00:00.521785,0.6454555104947273,0.6273816342233489,0.015996589011806922,4,7,137,0.991254215191067,COMPLETE
91,0.6970412501782899,2026-07-30 12:06:08.265239,2026-07-30 12:06:08.752323,0 days 00:00:00.487084,0.718252872152369,0.9979772283494974,0.045022833463016054,5,5,128,0.9570182487819121,COMPLETE
92,0.6940399105934806,2026-07-30 12:06:08.753805,2026-07-30 12:06:09.192122,0 days 00:00:00.438317,0.7242395341200105,0.9811778129119167,0.04615676534571462,5,5,109,0.975581289987353,COMPLETE
93,0.6922948152152415,2026-07-30 12:06:09.193594,2026-07-30 12:06:10.062708,0 days 00:00:00.869114,0.8387730424284827,0.8370801958811529,0.038453471997806354,7,4,129,0.9616760328171159,COMPLETE
94,0.6964128267719951,2026-07-30 12:06:10.064264,2026-07-30 12:06:10.631015,0 days 00:00:00.566751,0.7075524380500623,1.1369569119300431,0.05061586604008967,6,6,121,0.9416704240812201,COMPLETE
95,0.696365804382296,2026-07-30 12:06:10.632497,2026-07-30 12:06:11.133759,0 days 00:00:00.501262,0.7204070739279845,1.48381951423552,0.03425776360886531,4,5,169,0.9978611031546516,COMPLETE
96,0.6954803821085813,2026-07-30 12:06:11.135274,2026-07-30 12:06:11.686640,0 days 00:00:00.551366,0.6828178096772399,1.3293089124573902,0.029528563179170946,5,5,151,0.9817980003707459,COMPLETE
97,0.6954298502110867,2026-07-30 12:06:11.688109,2026-07-30 12:06:12.202397,0 days 00:00:00.514288,0.6953712417368153,1.8517693225720486,0.04046532238161691,6,6,108,0.9104584524219834,COMPLETE
98,0.6970709625737369,2026-07-30 12:06:12.203866,2026-07-30 12:06:12.711031,0 days 00:00:00.507165,0.6751209417989131,1.6017222156000308,0.03701693283406046,5,9,135,0.9567247639547897,COMPLETE
99,0.6923660469142532,2026-07-30 12:06:12.712671,2026-07-30 12:06:13.138673,0 days 00:00:00.426002,0.6773577737774651,1.6194166789168463,0.01976086012413341,4,10,135,0.8554564670285085,COMPLETE
